Flutter crash report; please file at https://github.com/flutter/flutter/issues.

## command

flutter run

## exception

FormatException: FormatException: Unexpected character (at character 1)
Install Started
^


```
#0      _ChunkedJsonParser.fail (dart:convert-patch/dart:convert/convert_patch.dart:1362)
#1      _ChunkedJsonParser.parseNumber (dart:convert-patch/dart:convert/convert_patch.dart:1258)
#2      _ChunkedJsonParser.parse (dart:convert-patch/dart:convert/convert_patch.dart:926)
#3      _parseJson (dart:convert-patch/dart:convert/convert_patch.dart:29)
#4      JsonDecoder.convert (dart:convert/json.dart:542)
#5      JsonCodec.decode (dart:convert/json.dart:169)
#6      SimControl._list (package:flutter_tools/src/ios/simulators.dart:90)
#7      SimControl.getDevices (package:flutter_tools/src/ios/simulators.dart:97)
#8      SimControl.getConnectedDevices (package:flutter_tools/src/ios/simulators.dart:112)
#9      IOSSimulatorUtils.getAttachedDevices (package:flutter_tools/src/ios/simulators.dart:48)
#10     IOSSimulators.pollingGetDevices (package:flutter_tools/src/ios/simulators.dart:37)
<asynchronous suspension>
#11     PollingDeviceDiscovery.devices (package:flutter_tools/src/device.dart:165)
<asynchronous suspension>
#12     DeviceManager.getAllConnectedDevices (package:flutter_tools/src/device.dart:93)
<asynchronous suspension>
#13     DeviceManager.getDevices (package:flutter_tools/src/device.dart:83)
#14     FlutterCommand.findAllTargetDevices (package:flutter_tools/src/runner/flutter_command.dart:363)
<asynchronous suspension>
#15     RunCommand.validateCommand (package:flutter_tools/src/commands/run.dart:248)
<asynchronous suspension>
#16     FlutterCommand.verifyThenRunCommand (package:flutter_tools/src/runner/flutter_command.dart:323)
<asynchronous suspension>
#17     FlutterCommand.run.<anonymous closure> (package:flutter_tools/src/runner/flutter_command.dart:279)
<asynchronous suspension>
#18     AppContext.run.<anonymous closure> (package:flutter_tools/src/base/context.dart:142)
<asynchronous suspension>
#19     _rootRun (dart:async/zone.dart:1126)
#20     _CustomZone.run (dart:async/zone.dart:1023)
#21     runZoned (dart:async/zone.dart:1501)
#22     AppContext.run (package:flutter_tools/src/base/context.dart:141)
<asynchronous suspension>
#23     FlutterCommand.run (package:flutter_tools/src/runner/flutter_command.dart:270)
#24     CommandRunner.runCommand (package:args/command_runner.dart:194)
<asynchronous suspension>
#25     FlutterCommandRunner.runCommand.<anonymous closure> (package:flutter_tools/src/runner/flutter_command_runner.dart:309)
<asynchronous suspension>
#26     AppContext.run.<anonymous closure> (package:flutter_tools/src/base/context.dart:142)
<asynchronous suspension>
#27     _rootRun (dart:async/zone.dart:1126)
#28     _CustomZone.run (dart:async/zone.dart:1023)
#29     runZoned (dart:async/zone.dart:1501)
#30     AppContext.run (package:flutter_tools/src/base/context.dart:141)
<asynchronous suspension>
#31     FlutterCommandRunner.runCommand (package:flutter_tools/src/runner/flutter_command_runner.dart:265)
<asynchronous suspension>
#32     CommandRunner.run.<anonymous closure> (package:args/command_runner.dart:109)
#33     new Future.sync (dart:async/future.dart:222)
#34     CommandRunner.run (package:args/command_runner.dart:109)
#35     FlutterCommandRunner.run (package:flutter_tools/src/runner/flutter_command_runner.dart:174)
#36     run.<anonymous closure> (package:flutter_tools/runner.dart:59)
<asynchronous suspension>
#37     AppContext.run.<anonymous closure> (package:flutter_tools/src/base/context.dart:142)
<asynchronous suspension>
#38     _rootRun (dart:async/zone.dart:1126)
#39     _CustomZone.run (dart:async/zone.dart:1023)
#40     runZoned (dart:async/zone.dart:1501)
#41     AppContext.run (package:flutter_tools/src/base/context.dart:141)
<asynchronous suspension>
#42     runInContext (package:flutter_tools/src/context_runner.dart:43)
<asynchronous suspension>
#43     run (package:flutter_tools/runner.dart:50)
#44     main (package:flutter_tools/executable.dart:49)
<asynchronous suspension>
#45     main (file:///b/build/slave/Mac_Flutter_Packaging/build/archive/flutter/packages/flutter_tools/bin/flutter_tools.dart:8)
#46     _startIsolate.<anonymous closure> (dart:isolate-patch/dart:isolate/isolate_patch.dart:277)
#47     _RawReceivePortImpl._handleMessage (dart:isolate-patch/dart:isolate/isolate_patch.dart:165)
```

## flutter doctor

```
[✓] Flutter (Channel beta, v0.5.1, on Mac OS X 10.13.6 17G65, locale en-ID)
    • Flutter version 0.5.1 at /Users/macbook_retina_pro/Development/flutter
    • Framework revision c7ea3ca377 (4 months ago), 2018-05-29 21:07:33 +0200
    • Engine revision 1ed25ca7b7
    • Dart version 2.0.0-dev.58.0.flutter-f981f09760

[✓] Android toolchain - develop for Android devices (Android SDK 28.0.2)
    • Android SDK at /Users/macbook_retina_pro/Library/Android/sdk
    • Android NDK at /Users/macbook_retina_pro/Library/Android/sdk/ndk-bundle
    • Platform android-28, build-tools 28.0.2
    • Java binary at: /Applications/Android Studio.app/Contents/jre/jdk/Contents/Home/bin/java
    • Java version OpenJDK Runtime Environment (build 1.8.0_152-release-1024-b01)
    • All Android licenses accepted.

[✓] iOS toolchain - develop for iOS devices (Xcode 10.0)
    • Xcode at /Applications/Xcode.app/Contents/Developer
    • Xcode 10.0, Build version 10A255
    • ios-deploy 2.0.0
    • CocoaPods version 1.5.3

[✓] Android Studio (version 3.1)
    • Android Studio at /Applications/Android Studio.app/Contents
    • Flutter plugin version 28.0.1
    • Dart plugin version 173.4700
    • Java version OpenJDK Runtime Environment (build 1.8.0_152-release-1024-b01)

[!] Connected devices
    ! No devices available

! Doctor found issues in 1 category.
```
